TN:
SF:script/DeployKOFT.s.sol
DA:16,0
FN:16,DeployKOFT.run
FNDA:0,DeployKOFT.run
DA:17,0
DA:18,0
DA:19,0
DA:21,0
DA:23,0
DA:24,0
DA:25,0
DA:26,0
DA:28,0
DA:29,0
DA:30,0
DA:31,0
DA:32,0
DA:33,0
DA:35,0
FNF:1
FNH:0
LF:16
LH:0
BRF:0
BRH:0
end_of_record
TN:
SF:script/DeployKToken.s.sol
DA:19,0
FN:19,DeployKToken.run
FNDA:0,DeployKToken.run
DA:20,0
DA:21,0
DA:22,0
DA:24,0
DA:25,0
DA:26,0
DA:28,0
DA:30,0
DA:31,0
DA:32,0
DA:33,0
DA:34,0
DA:36,0
DA:37,0
DA:38,0
DA:39,0
DA:40,0
DA:41,0
DA:42,0
DA:43,0
DA:44,0
DA:45,0
FNF:1
FNH:0
LF:23
LH:0
BRF:0
BRH:0
end_of_record
TN:
SF:src/kOFT.sol
DA:52,16
FN:52,kOFT.constructor
FNDA:16,kOFT.constructor
DA:53,16
DA:59,17
FN:59,kOFT.initialize
FNDA:17,kOFT.initialize
DA:60,14
BRDA:60,0,0,-
DA:61,0
DA:63,14
DA:64,14
DA:65,14
DA:66,14
DA:74,2
FN:74,kOFT._debit
FNDA:2,kOFT._debit
DA:85,2
DA:91,2
DA:95,2
FN:95,kOFT._credit
FNDA:2,kOFT._credit
DA:105,2
BRDA:105,1,0,-
DA:107,2
DA:109,2
DA:113,0
FN:113,kOFT._authorizeUpgrade
FNDA:0,kOFT._authorizeUpgrade
DA:114,0
BRDA:114,2,0,-
DA:115,0
DA:123,1
FN:123,kOFT.token
FNDA:1,kOFT.token
DA:124,1
DA:128,1
FN:128,kOFT.approvalRequired
FNDA:1,kOFT.approvalRequired
DA:129,1
DA:133,1
FN:133,kOFT.debitView
FNDA:1,kOFT.debitView
DA:142,1
DA:146,1
FN:146,kOFT.removeDust
FNDA:1,kOFT.removeDust
DA:147,1
DA:151,1
FN:151,kOFT.toLD
FNDA:1,kOFT.toLD
DA:152,1
DA:156,1
FN:156,kOFT.toSD
FNDA:1,kOFT.toSD
DA:157,1
DA:165,1
FN:165,kOFT.buildMsgAndOptions
FNDA:1,kOFT.buildMsgAndOptions
DA:173,1
DA:180,18
FN:180,kOFT._getkOFTStorage
FNDA:18,kOFT._getkOFTStorage
DA:182,18
FNF:13
FNH:12
LF:35
LH:31
BRF:3
BRH:0
end_of_record
TN:
SF:src/kToken0.sol
DA:71,107634
FN:71,kToken0.whenNotPaused
FNDA:107634,kToken0.whenNotPaused
DA:72,43145
BRDA:72,0,0,43145
DA:81,1056
FN:81,kToken0.constructor
FNDA:1056,kToken0.constructor
DA:82,1056
DA:92,1056
FN:92,kToken0.initialize
FNDA:1056,kToken0.initialize
DA:103,1055
BRDA:103,1,0,-
DA:104,0
DA:107,1055
DA:108,1055
DA:109,1055
DA:111,1055
DA:112,1055
DA:113,1055
DA:114,1055
DA:115,1055
DA:116,1055
DA:118,1055
DA:119,1055
DA:127,87914
FN:127,kToken0.pause
FNDA:87914,kToken0.pause
DA:128,87913
DA:129,87913
DA:130,87913
DA:141,107634
FN:141,kToken0.mint
FNDA:107634,kToken0.mint
DA:142,63488
DA:143,63487
DA:150,5110
FN:150,kToken0.burn
FNDA:5110,kToken0.burn
DA:151,4568
DA:152,3567
DA:159,980
FN:159,kToken0.burnFrom
FNDA:980,kToken0.burnFrom
DA:160,979
DA:161,977
DA:162,977
DA:170,0
FN:170,kToken0._authorizeUpgrade
FNDA:0,kToken0._authorizeUpgrade
DA:171,0
BRDA:171,2,0,-
DA:172,0
DA:182,1001
FN:182,kToken0.decimals
FNDA:1001,kToken0.decimals
DA:183,1001
DA:188,1
FN:188,kToken0.isPaused
FNDA:1,kToken0.isPaused
DA:189,1
DA:196,203694
FN:196,kToken0._getkTokenStorage
FNDA:203694,kToken0._getkTokenStorage
DA:198,203694
FNF:11
FNH:10
LF:41
LH:37
BRF:3
BRH:1
end_of_record
TN:
SF:test/invariant/kTokenInvariant.t.sol
DA:91,4
FN:91,TokenHandler.constructor
FNDA:4,TokenHandler.constructor
DA:92,4
DA:93,4
DA:94,4
DA:97,85383
FN:97,TokenHandler.createActorIfNew
FNDA:85383,TokenHandler.createActorIfNew
DA:101,44765
FN:101,TokenHandler._addActor
FNDA:44765,TokenHandler._addActor
DA:102,44765
BRDA:102,0,0,20558
DA:103,20558
DA:104,20558
DA:108,0
FN:108,TokenHandler.getActors
FNDA:0,TokenHandler.getActors
DA:109,0
DA:112,0
FN:112,TokenHandler.getNetMinted
FNDA:0,TokenHandler.getNetMinted
DA:113,0
DA:116,0
FN:116,TokenHandler.getNetTransferred
FNDA:0,TokenHandler.getNetTransferred
DA:117,0
DA:120,0
FN:120,TokenHandler.wasLastOperationBlocked
FNDA:0,TokenHandler.wasLastOperationBlocked
DA:121,0
DA:124,85281
FN:124,TokenHandler.mint
FNDA:85281,TokenHandler.mint
DA:125,85281
DA:126,85281
DA:127,85281
DA:128,85281
DA:129,85281
DA:130,43597
DA:131,43597
DA:132,43597
DA:133,43597
DA:134,0
DA:135,0
BRDA:135,1,0,-
DA:136,0
DA:138,0
DA:143,86073
FN:143,TokenHandler.burn
FNDA:86073,TokenHandler.burn
DA:144,86073
DA:145,86073
DA:146,86073
DA:147,1136
DA:148,1136
DA:149,1136
DA:150,1136
DA:151,596
DA:152,596
DA:153,596
DA:154,0
DA:155,0
BRDA:155,3,0,-
DA:156,0
DA:158,0
DA:163,86096
FN:163,TokenHandler.transfer
FNDA:86096,TokenHandler.transfer
DA:164,86096
DA:165,86096
DA:166,86096
DA:167,86017
DA:168,86017
DA:169,1166
DA:170,1166
DA:171,1166
DA:172,1166
DA:173,1166
DA:174,1166
DA:175,1166
DA:176,0
DA:179,86180
FN:179,TokenHandler.approve
FNDA:86180,TokenHandler.approve
DA:180,86180
DA:181,86180
DA:182,86180
DA:183,86094
DA:184,86094
DA:185,86094
DA:188,85383
FN:188,TokenHandler.transferFrom
FNDA:85383,TokenHandler.transferFrom
DA:197,85383
DA:198,85383
DA:199,85383
DA:200,85383
DA:201,85133
DA:202,85133
DA:203,85133
DA:204,2
DA:205,2
DA:206,2
DA:207,2
DA:208,2
DA:209,2
DA:210,0
DA:213,84987
FN:213,TokenHandler.pause
FNDA:84987,TokenHandler.pause
DA:214,84987
DA:215,84987
DA:216,84987
DA:219,857438
FN:219,TokenHandler._getActor
FNDA:857438,TokenHandler._getActor
DA:220,857438
FNF:14
FNH:10
LF:88
LH:70
BRF:3
BRH:1
end_of_record
TN:
SF:test/kOFTV2.sol
DA:8,0
FN:8,kOFTV2.version
FNDA:0,kOFTV2.version
DA:9,0
FNF:1
FNH:0
LF:2
LH:0
BRF:0
BRH:0
end_of_record
TN:
SF:test/mocks/MockLayerZeroEndpoint.sol
DA:7,12
FN:7,MockLayerZeroEndpoint.setDelegate
FNDA:12,MockLayerZeroEndpoint.setDelegate
DA:8,12
FNF:1
FNH:1
LF:2
LH:2
BRF:0
BRH:0
end_of_record
TN:
SF:test/mocks/kOFTMock.sol
DA:10,1
FN:10,kOFTMock.onlyMinter
FNDA:1,kOFTMock.onlyMinter
DA:11,1
BRDA:11,0,0,-
BRDA:11,0,1,2
DA:15,14
FN:15,kOFTMock.constructor
FNDA:14,kOFTMock.constructor
DA:16,14
DA:19,12
FN:19,kOFTMock.setMinter
FNDA:12,kOFTMock.setMinter
DA:20,12
BRDA:20,1,0,-
BRDA:20,1,1,12
DA:21,12
DA:24,2
FN:24,kOFTMock.exposedCredit
FNDA:2,kOFTMock.exposedCredit
DA:25,2
DA:28,1
FN:28,kOFTMock.exposedDebit
FNDA:1,kOFTMock.exposedDebit
DA:38,1
DA:41,12
FN:41,kOFTMock.initializeMock
FNDA:12,kOFTMock.initializeMock
DA:42,12
DA:46,1
FN:46,kOFTMock.getkOFTStorage
FNDA:1,kOFTMock.getkOFTStorage
DA:48,1
DA:49,1
DA:51,1
DA:53,1
FNF:7
FNH:7
LF:18
LH:18
BRF:4
BRH:2
end_of_record