TN:
SF:script/DeployKOFT.s.sol
DA:16,0
FN:16,DeployKOFT.run
FNDA:0,DeployKOFT.run
DA:17,0
DA:18,0
DA:19,0
DA:21,0
DA:23,0
DA:24,0
DA:25,0
DA:26,0
DA:28,0
DA:29,0
DA:30,0
DA:31,0
DA:32,0
DA:33,0
DA:35,0
FNF:1
FNH:0
LF:16
LH:0
BRF:0
BRH:0
end_of_record
TN:
SF:script/DeployKToken.s.sol
DA:19,0
FN:19,DeployKToken.run
FNDA:0,DeployKToken.run
DA:20,0
DA:21,0
DA:22,0
DA:24,0
DA:25,0
DA:26,0
DA:28,0
DA:30,0
DA:31,0
DA:32,0
DA:33,0
DA:34,0
DA:36,0
DA:37,0
DA:38,0
DA:39,0
DA:40,0
DA:41,0
DA:42,0
DA:43,0
DA:44,0
DA:45,0
FNF:1
FNH:0
LF:23
LH:0
BRF:0
BRH:0
end_of_record
TN:
SF:src/kOFT.sol
DA:43,16
FN:43,kOFT.constructor
FNDA:16,kOFT.constructor
DA:44,16
DA:50,17
FN:50,kOFT.initialize
FNDA:17,kOFT.initialize
DA:51,14
BRDA:51,0,0,-
DA:52,0
DA:54,14
DA:55,14
DA:56,14
DA:57,14
DA:65,2
FN:65,kOFT._debit
FNDA:2,kOFT._debit
DA:76,2
DA:82,2
DA:86,2
FN:86,kOFT._credit
FNDA:2,kOFT._credit
DA:96,2
BRDA:96,1,0,-
DA:98,2
DA:100,2
DA:104,0
FN:104,kOFT._authorizeUpgrade
FNDA:0,kOFT._authorizeUpgrade
DA:105,0
BRDA:105,2,0,-
DA:106,0
DA:114,1
FN:114,kOFT.token
FNDA:1,kOFT.token
DA:115,1
DA:119,1
FN:119,kOFT.approvalRequired
FNDA:1,kOFT.approvalRequired
DA:120,1
DA:124,1
FN:124,kOFT.debitView
FNDA:1,kOFT.debitView
DA:133,1
DA:137,1
FN:137,kOFT.removeDust
FNDA:1,kOFT.removeDust
DA:138,1
DA:142,1
FN:142,kOFT.toLD
FNDA:1,kOFT.toLD
DA:143,1
DA:147,1
FN:147,kOFT.toSD
FNDA:1,kOFT.toSD
DA:148,1
DA:156,1
FN:156,kOFT.buildMsgAndOptions
FNDA:1,kOFT.buildMsgAndOptions
DA:164,1
FNF:12
FNH:11
LF:33
LH:29
BRF:3
BRH:0
end_of_record
TN:
SF:src/kToken.sol
DA:63,14
FN:63,kToken.whenNotPaused
FNDA:14,kToken.whenNotPaused
DA:64,1
BRDA:64,0,0,1
DA:73,34
FN:73,kToken.constructor
FNDA:34,kToken.constructor
DA:74,34
DA:84,34
FN:84,kToken.initialize
FNDA:34,kToken.initialize
DA:95,33
BRDA:95,1,0,-
DA:96,0
DA:99,33
DA:101,33
DA:102,33
DA:103,33
DA:104,33
DA:105,33
DA:106,33
DA:108,33
DA:109,33
DA:117,7
FN:117,kToken.pause
FNDA:7,kToken.pause
DA:118,6
DA:119,6
DA:130,14
FN:130,kToken.mint
FNDA:14,kToken.mint
DA:131,12
BRDA:131,2,0,1
DA:132,11
DA:133,11
DA:140,8
FN:140,kToken.burn
FNDA:8,kToken.burn
DA:141,6
BRDA:141,3,0,1
DA:142,5
DA:143,5
DA:150,5
FN:150,kToken.burnFrom
FNDA:5,kToken.burnFrom
DA:151,4
BRDA:151,4,0,1
DA:152,3
DA:153,2
DA:154,2
DA:162,0
FN:162,kToken._authorizeUpgrade
FNDA:0,kToken._authorizeUpgrade
DA:163,0
BRDA:163,5,0,-
DA:164,0
DA:174,1
FN:174,kToken.decimals
FNDA:1,kToken.decimals
DA:175,1
FNF:9
FNH:8
LF:37
LH:33
BRF:6
BRH:4
end_of_record
TN:
SF:test/kOFTV2.sol
DA:8,0
FN:8,kOFTV2.version
FNDA:0,kOFTV2.version
DA:9,0
FNF:1
FNH:0
LF:2
LH:0
BRF:0
BRH:0
end_of_record
TN:
SF:test/mocks/MockLayerZeroEndpoint.sol
DA:7,12
FN:7,MockLayerZeroEndpoint.setDelegate
FNDA:12,MockLayerZeroEndpoint.setDelegate
DA:8,12
FNF:1
FNH:1
LF:2
LH:2
BRF:0
BRH:0
end_of_record
TN:
SF:test/mocks/kOFTMock.sol
DA:9,1
FN:9,kOFTMock.onlyMinter
FNDA:1,kOFTMock.onlyMinter
DA:10,1
BRDA:10,0,0,-
BRDA:10,0,1,2
DA:14,14
FN:14,kOFTMock.constructor
FNDA:14,kOFTMock.constructor
DA:15,14
DA:18,12
FN:18,kOFTMock.setMinter
FNDA:12,kOFTMock.setMinter
DA:19,12
BRDA:19,1,0,-
BRDA:19,1,1,12
DA:20,12
DA:23,2
FN:23,kOFTMock.exposedCredit
FNDA:2,kOFTMock.exposedCredit
DA:24,2
DA:27,1
FN:27,kOFTMock.exposedDebit
FNDA:1,kOFTMock.exposedDebit
DA:37,1
DA:40,12
FN:40,kOFTMock.initializeMock
FNDA:12,kOFTMock.initializeMock
DA:41,12
FNF:6
FNH:6
LF:13
LH:13
BRF:4
BRH:2
end_of_record
